2021-05-23T09:30:03+00:00 CRITICAL Maximum execution time of 120 seconds exceeded in C:\Bitnami\wordpress-5.7.2-0\apps\wordpress\htdocs\wp-includes\class-wp-image-editor-gd.php on line 198

2021-05-23T09:33:20+00:00 CRITICAL Maximum execution time of 120 seconds exceeded in C:\Bitnami\wordpress-5.7.2-0\apps\wordpress\htdocs\wp-includes\wp-db.php on line 2056

2021-05-23T09:36:14+00:00 CRITICAL Maximum execution time of 120 seconds exceeded in C:\Bitnami\wordpress-5.7.2-0\apps\wordpress\htdocs\wp-includes\Requests\Transport\cURL.php on line 463

2021-05-23T09:38:46+00:00 CRITICAL Maximum execution time of 120 seconds exceeded in C:\Bitnami\wordpress-5.7.2-0\apps\wordpress\htdocs\wp-includes\class-wp-image-editor-gd.php on line 198

2021-05-23T09:41:23+00:00 CRITICAL Maximum execution time of 120 seconds exceeded in C:\Bitnami\wordpress-5.7.2-0\apps\wordpress\htdocs\wp-includes\class-wp-image-editor-gd.php on line 198

2021-05-23T09:44:11+00:00 CRITICAL Maximum execution time of 120 seconds exceeded in C:\Bitnami\wordpress-5.7.2-0\apps\wordpress\htdocs\wp-includes\Requests\Transport\cURL.php on line 441

2021-05-23T09:47:22+00:00 CRITICAL Maximum execution time of 120 seconds exceeded in C:\Bitnami\wordpress-5.7.2-0\apps\wordpress\htdocs\wp-includes\class-wp-image-editor-gd.php on line 198

2021-05-23T09:48:29+00:00 CRITICAL Maximum execution time of 120 seconds exceeded in C:\Bitnami\wordpress-5.7.2-0\apps\wordpress\htdocs\wp-includes\wp-db.php on line 2056

2021-05-23T09:49:47+00:00 CRITICAL Maximum execution time of 120 seconds exceeded in C:\Bitnami\wordpress-5.7.2-0\apps\wordpress\htdocs\wp-includes\class-wp-image-editor-gd.php on line 198

2021-05-23T09:52:07+00:00 CRITICAL Maximum execution time of 120 seconds exceeded in C:\Bitnami\wordpress-5.7.2-0\apps\wordpress\htdocs\wp-includes\wp-db.php on line 2056

2021-05-23T09:54:28+00:00 CRITICAL Maximum execution time of 120 seconds exceeded in C:\Bitnami\wordpress-5.7.2-0\apps\wordpress\htdocs\wp-includes\wp-db.php on line 2056

2021-05-23T09:58:08+00:00 CRITICAL Maximum execution time of 120 seconds exceeded in C:\Bitnami\wordpress-5.7.2-0\apps\wordpress\htdocs\wp-includes\wp-db.php on line 2056

2021-05-23T10:00:31+00:00 CRITICAL Maximum execution time of 120 seconds exceeded in C:\Bitnami\wordpress-5.7.2-0\apps\wordpress\htdocs\wp-includes\Requests\Transport\cURL.php on line 441

2021-05-23T10:03:31+00:00 CRITICAL Maximum execution time of 120 seconds exceeded in C:\Bitnami\wordpress-5.7.2-0\apps\wordpress\htdocs\wp-includes\Requests\Transport\cURL.php on line 441

2021-05-23T10:10:54+00:00 CRITICAL Maximum execution time of 120 seconds exceeded in C:\Bitnami\wordpress-5.7.2-0\apps\wordpress\htdocs\wp-includes\wp-db.php on line 2056

2021-05-23T10:12:34+00:00 CRITICAL Maximum execution time of 120 seconds exceeded in C:\Bitnami\wordpress-5.7.2-0\apps\wordpress\htdocs\wp-content\plugins\kliken-marketing-for-google\vendor\composer\ClassLoader.php on line 384

2021-05-23T10:12:34+00:00 CRITICAL Maximum execution time of 120 seconds exceeded in C:\Bitnami\wordpress-5.7.2-0\apps\wordpress\htdocs\wp-content\plugins\kliken-marketing-for-google\vendor\composer\ClassLoader.php on line 384

2021-05-23T10:13:16+00:00 CRITICAL Maximum execution time of 120 seconds exceeded in C:\Bitnami\wordpress-5.7.2-0\apps\wordpress\htdocs\wp-includes\functions.php on line 6118

2021-05-23T10:13:17+00:00 CRITICAL Maximum execution time of 120 seconds exceeded in C:\Bitnami\wordpress-5.7.2-0\apps\wordpress\htdocs\wp-includes\functions.php on line 6115

2021-05-23T10:13:18+00:00 CRITICAL Maximum execution time of 120 seconds exceeded in C:\Bitnami\wordpress-5.7.2-0\apps\wordpress\htdocs\wp-includes\functions.php on line 6111

2021-05-23T10:13:18+00:00 CRITICAL Maximum execution time of 120 seconds exceeded in C:\Bitnami\wordpress-5.7.2-0\apps\wordpress\htdocs\wp-includes\functions.php on line 6115

2021-05-23T11:15:53+00:00 CRITICAL Maximum execution time of 120 seconds exceeded in C:\Bitnami\wordpress-5.7.2-0\apps\wordpress\htdocs\wp-includes\wp-db.php on line 2056

2021-05-23T11:20:45+00:00 CRITICAL Maximum execution time of 120 seconds exceeded in C:\Bitnami\wordpress-5.7.2-0\apps\wordpress\htdocs\wp-includes\Requests\Transport\cURL.php on line 463

2021-05-23T11:26:42+00:00 CRITICAL Maximum execution time of 120 seconds exceeded in C:\Bitnami\wordpress-5.7.2-0\apps\wordpress\htdocs\wp-includes\wp-db.php on line 2056

2021-05-23T11:33:16+00:00 CRITICAL Maximum execution time of 120 seconds exceeded in C:\Bitnami\wordpress-5.7.2-0\apps\wordpress\htdocs\wp-includes\class-wp-image-editor-gd.php on line 198

